Using pre-set license
Built from '2020.3/staging' branch; Version is '2020.3.3f1 (76626098c1c4) revision 7758432'; Using compiler version '192528614'; Build Type 'Release'
OS: 'Windows 10 Home; OS build 19041.985; Version 2004; 64bit' Language: 'es' Physical Memory: 7963 MB
BatchMode: 1, IsHumanControllingUs: 0, StartBugReporterOnCrash: 0, Is64bit: 1, IsPro: 0

 COMMAND LINE ARGUMENTS:
C:\Program Files\Unity\Hub\Editor\2020.3.3f1\Editor\Unity.exe
-adb2
-batchMode
-noUpm
-name
AssetImportWorker0
-projectPath
C:/Users/Emilio/Desktop/Tims_Worst_Hour
-logFile
Logs/AssetImportWorker0.log
-srvPort
50235
Successfully changed project path to: C:/Users/Emilio/Desktop/Tims_Worst_Hour
C:/Users/Emilio/Desktop/Tims_Worst_Hour
Using Asset Import Pipeline V2.
Refreshing native plugins compatible for Editor in 44.55 ms, found 2 plugins.
Preloading 0 native plugins for Editor in 0.00 ms.
Initialize engine version: 2020.3.3f1 (76626098c1c4)
[Subsystems] Discovering subsystems at path C:/Program Files/Unity/Hub/Editor/2020.3.3f1/Editor/Data/Resources/UnitySubsystems
[Subsystems] Discovering subsystems at path C:/Users/Emilio/Desktop/Tims_Worst_Hour/Assets
GfxDevice: creating device client; threaded=0
Direct3D:
    Version:  Direct3D 11.0 [level 11.1]
    Renderer: NVIDIA GeForce GTX 1650 (ID=0x1f99)
    Vendor:   
    VRAM:     3962 MB
    Driver:   27.21.14.5763
Initialize mono
Mono path[0] = 'C:/Program Files/Unity/Hub/Editor/2020.3.3f1/Editor/Data/Managed'
Mono path[1] = 'C:/Program Files/Unity/Hub/Editor/2020.3.3f1/Editor/Data/MonoBleedingEdge/lib/mono/unityjit'
Mono config path = 'C:/Program Files/Unity/Hub/Editor/2020.3.3f1/Editor/Data/MonoBleedingEdge/etc'
Using monoOptions --debugger-agent=transport=dt_socket,embedding=1,server=y,suspend=n,address=127.0.0.1:56600
Begin MonoManager ReloadAssembly
Registering precompiled unity dll's ...
Register platform support module: C:/Program Files/Unity/Hub/Editor/2020.3.3f1/Editor/Data/PlaybackEngines/WindowsStandaloneSupport/UnityEditor.WindowsStandalone.Extensions.dll
Registered in 0.001412 seconds.
Native extension for WindowsStandalone target not found
Refreshing native plugins compatible for Editor in 36.98 ms, found 2 plugins.
Preloading 0 native plugins for Editor in 0.00 ms.
Invoked RoslynAnalysisRunner static constructor.
RoslynAnalysisRunner will not be running.
RoslynAnalysisRunner has terminated.
Mono: successfully reloaded assembly
- Completed reload, in  0.981 seconds
Platform modules already initialized, skipping
Registering precompiled user dll's ...
Registered in 0.006407 seconds.
Begin MonoManager ReloadAssembly
Native extension for WindowsStandalone target not found
Refreshing native plugins compatible for Editor in 0.59 ms, found 2 plugins.
Preloading 0 native plugins for Editor in 0.00 ms.
Invoked RoslynAnalysisRunner static constructor.
RoslynAnalysisRunner will not be running.
RoslynAnalysisRunner has terminated.
Mono: successfully reloaded assembly
- Completed reload, in  0.887 seconds
Platform modules already initialized, skipping
========================================================================
Worker process is ready to serve import requests
Launched and connected shader compiler UnityShaderCompiler.exe after 0.04 seconds
Refreshing native plugins compatible for Editor in 0.57 ms, found 2 plugins.
Preloading 0 native plugins for Editor in 0.00 ms.
Unloading 1625 Unused Serialized files (Serialized files now loaded: 0)
System memory in use before: 72.5 MB.
System memory in use after: 72.6 MB.

Unloading 54 unused Assets to reduce memory usage. Loaded Objects now: 2075.
Total: 2.097700 ms (FindLiveObjects: 0.290200 ms CreateObjectMapping: 0.114200 ms MarkObjects: 1.626500 ms  DeleteObjects: 0.065800 ms)

========================================================================
Received Import Request.
  path: Assets/Prefabs/Player.prefab
  artifactKey: Guid(1058c8c8c1f9ea64697de3a467d72a1c) Importer(815301076,1909f56bfc062723c751e8b465ee728b)
Start importing Assets/Prefabs/Player.prefab using Guid(1058c8c8c1f9ea64697de3a467d72a1c) Importer(815301076,1909f56bfc062723c751e8b465ee728b)  -> (artifact id: 'a979c5becbd5ef80bdbe4aaddc472ad3') in 0.088773 seconds
  Import took 0.091424 seconds .

========================================================================
Received Import Request.
  Time since last request: 359.058312 seconds.
  path: Assets/Prefabs/Spikes.prefab
  artifactKey: Guid(1849e30857ab6fb40b363acab4a97bba) Importer(815301076,1909f56bfc062723c751e8b465ee728b)
Start importing Assets/Prefabs/Spikes.prefab using Guid(1849e30857ab6fb40b363acab4a97bba) Importer(815301076,1909f56bfc062723c751e8b465ee728b)  -> (artifact id: '051de4d62cebb04aeb9946aadcd7813d') in 0.017274 seconds
  Import took 0.020923 seconds .

========================================================================
Received Import Request.
  Time since last request: 0.007177 seconds.
  path: Assets/Prefabs/Spikes.prefab
  artifactKey: Guid(1849e30857ab6fb40b363acab4a97bba) Importer(815301076,1909f56bfc062723c751e8b465ee728b)
Start importing Assets/Prefabs/Spikes.prefab using Guid(1849e30857ab6fb40b363acab4a97bba) Importer(815301076,1909f56bfc062723c751e8b465ee728b)  -> (artifact id: '051de4d62cebb04aeb9946aadcd7813d') in 0.014212 seconds
  Import took 0.017688 seconds .

========================================================================
Received Import Request.
  Time since last request: 2.443879 seconds.
  path: Assets/Prefabs/Spikes.prefab
  artifactKey: Guid(1849e30857ab6fb40b363acab4a97bba) Importer(815301076,1909f56bfc062723c751e8b465ee728b)
Start importing Assets/Prefabs/Spikes.prefab using Guid(1849e30857ab6fb40b363acab4a97bba) Importer(815301076,1909f56bfc062723c751e8b465ee728b)  -> (artifact id: '293f3101ad3ba44fc5bcbb0d0a21e626') in 0.012737 seconds
  Import took 0.016413 seconds .

========================================================================
Received Import Request.
  Time since last request: 0.008536 seconds.
  path: Assets/Prefabs/Spikes.prefab
  artifactKey: Guid(1849e30857ab6fb40b363acab4a97bba) Importer(815301076,1909f56bfc062723c751e8b465ee728b)
Start importing Assets/Prefabs/Spikes.prefab using Guid(1849e30857ab6fb40b363acab4a97bba) Importer(815301076,1909f56bfc062723c751e8b465ee728b)  -> (artifact id: '293f3101ad3ba44fc5bcbb0d0a21e626') in 0.013823 seconds
  Import took 0.018297 seconds .

